		                     
   ____ _  ____   ____/ /   (_)   _____   / /_
  / __  / / __ \ / __  /   / /   / ___/  / __ \
 / /_/ / / /_/ // /_/ /   / /   / /     / /_/ /
 \__  /  \____/ \____/   /_/   /_/     /_____/
/____/
2026/01/12 22:51:46 Godirb v 0.7.0
Author: MyCode83


------------------
[*] Url:  http://localhost
[*] Method:  GET
[*] Threads:  15
[*] Timeout:  5s
[*] UAs:  4
------------------

[FILE] http://localhost/.env ---> 401
[DIR/DIR] http://localhost/.git/HEAD ---> 401
[DIR] http://localhost/About ---> 200
[DIR] http://localhost/about ---> 200
[DIR] http://localhost/public ---> 200
[DIR] http://localhost/secret ---> 401
